<?xml version="1.0" encoding="UTF-8"?>
<!-- Generated by org.testng.reporters.JUnitReportReporter -->
<testsuite hostname="Digvijayt-VD3" failures="0" tests="1" name="Lombok_Test.Restassured_Post3_Using_POJO_With_LOMBOK" time="5.080" errors="0" timestamp="2023-01-11T17:25:25 IST" skipped="0">
  <testcase classname="Lombok_Test.Restassured_Post3_Using_POJO_With_LOMBOK" name="pojotest" time="5.080"/>
  <system-out/>
</testsuite> <!-- Lombok_Test.Restassured_Post3_Using_POJO_With_LOMBOK -->
