<?xml version="1.0" encoding="UTF-8"?>
<!-- Generated by org.testng.reporters.JUnitReportReporter -->
<testsuite hostname="LAPTOP-AFO4I6I2" failures="0" tests="1" name="Lombok_Test.Restassured_Post3_Using_POJO_With_LOMBOK" time="2.905" errors="0" timestamp="2022-10-10T15:40:09 IST" skipped="0">
  <testcase classname="Lombok_Test.Restassured_Post3_Using_POJO_With_LOMBOK" name="pojotest" time="2.905"/>
  <system-out/>
</testsuite> <!-- Lombok_Test.Restassured_Post3_Using_POJO_With_LOMBOK -->
